# JRE version: OpenJDK Runtime Environment (11.0.12+7) (build 11.0.12+7-b1504.28-7817840)
# Java VM: OpenJDK 64-Bit Server VM (11.0.12+7-b1504.28-7817840, mixed mode, tiered, compressed oops, g1 gc, windows-amd64)
Heap:
 garbage-first heap   total 440320K, used 274993K [0x0000000080000000, 0x0000000100000000)
  region size 1024K, 92 young (94208K), 3 survivors (3072K)
 Metaspace       used 151937K, capacity 156317K, committed 156492K, reserved 1185792K
  class space    used 18731K, capacity 20421K, committed 20556K, reserved 1048576K
GC Heap History (20 events):
Event: 471.463 GC heap before
{Heap before GC invocations=132 (full 0):
 garbage-first heap   total 440320K, used 302182K [0x0000000080000000, 0x0000000100000000)
  region size 1024K, 90 young (92160K), 5 survivors (5120K)
 Metaspace       used 133915K, capacity 137501K, committed 137676K, reserved 1169408K
  class space    used 16740K, capacity 18091K, committed 18124K, reserved 1048576K
}
Event: 471.501 GC heap after
{Heap after GC invocations=133 (full 0):
 garbage-first heap   total 440320K, used 213951K [0x0000000080000000, 0x0000000100000000)
  region size 1024K, 9 young (9216K), 9 survivors (9216K)
 Metaspace       used 133915K, capacity 137501K, committed 137676K, reserved 1169408K
  class space    used 16740K, capacity 18091K, committed 18124K, reserved 1048576K
}
Event: 491.948 GC heap before
{Heap before GC invocations=133 (full 0):
 garbage-first heap   total 440320K, used 307135K [0x0000000080000000, 0x0000000100000000)
  region size 1024K, 95 young (97280K), 9 survivors (9216K)
 Metaspace       used 142549K, capacity 146467K, committed 146636K, reserved 1177600K
  class space    used 17819K, capacity 19288K, committed 19404K, reserved 1048576K
}
Event: 491.979 GC heap after
{Heap after GC invocations=134 (full 0):
 garbage-first heap   total 440320K, used 223509K [0x0000000080000000, 0x0000000100000000)
  region size 1024K, 10 young (10240K), 10 survivors (10240K)
 Metaspace       used 142549K, capacity 146467K, committed 146636K, reserved 1177600K
  class space    used 17819K, capacity 19288K, committed 19404K, reserved 1048576K
}
Event: 498.518 GC heap before
{Heap before GC invocations=134 (full 0):
 garbage-first heap   total 440320K, used 316693K [0x0000000080000000, 0x0000000100000000)
  region size 1024K, 102 young (104448K), 10 survivors (10240K)
 Metaspace       used 146862K, capacity 151107K, committed 151244K, reserved 1179648K
  class space    used 18420K, capacity 20065K, committed 20172K, reserved 1048576K
}
Event: 498.581 GC heap after
{Heap after GC invocations=135 (full 0):
 garbage-first heap   total 440320K, used 241460K [0x0000000080000000, 0x0000000100000000)
  region size 1024K, 13 young (13312K), 13 survivors (13312K)
 Metaspace       used 146862K, capacity 151107K, committed 151244K, reserved 1179648K
  class space    used 18420K, capacity 20065K, committed 20172K, reserved 1048576K
}
Event: 502.301 GC heap before
{Heap before GC invocations=135 (full 0):
 garbage-first heap   total 440320K, used 289588K [0x0000000080000000, 0x0000000100000000)
  region size 1024K, 61 young (62464K), 13 survivors (13312K)
 Metaspace       used 147839K, capacity 152145K, committed 152268K, reserved 1181696K
  class space    used 18445K, capacity 20084K, committed 20172K, reserved 1048576K
}
Event: 502.376 GC heap after
{Heap after GC invocations=136 (full 0):
 garbage-first heap   total 440320K, used 246886K [0x0000000080000000, 0x0000000100000000)
  region size 1024K, 8 young (8192K), 8 survivors (8192K)
 Metaspace       used 147839K, capacity 152145K, committed 152268K, reserved 1181696K
  class space    used 18445K, capacity 20084K, committed 20172K, reserved 1048576K
}
Event: 882.082 GC heap before
{Heap before GC invocations=137 (full 0):
 garbage-first heap   total 440320K, used 307302K [0x0000000080000000, 0x0000000100000000)
  region size 1024K, 84 young (86016K), 8 survivors (8192K)
 Metaspace       used 149496K, capacity 153956K, committed 154060K, reserved 1183744K
  class space    used 18649K, capacity 20362K, committed 20428K, reserved 1048576K
}
Event: 882.114 GC heap after
{Heap after GC invocations=138 (full 0):
 garbage-first heap   total 440320K, used 216752K [0x0000000080000000, 0x0000000100000000)
  region size 1024K, 6 young (6144K), 6 survivors (6144K)
 Metaspace       used 149496K, capacity 153956K, committed 154060K, reserved 1183744K
  class space    used 18649K, capacity 20362K, committed 20428K, reserved 1048576K
}
Event: 884.469 GC heap before
{Heap before GC invocations=138 (full 0):
 garbage-first heap   total 440320K, used 231088K [0x0000000080000000, 0x0000000100000000)
  region size 1024K, 21 young (21504K), 6 survivors (6144K)
 Metaspace       used 149586K, capacity 153981K, committed 154060K, reserved 1183744K
  class space    used 18656K, capacity 20369K, committed 20428K, reserved 1048576K
}
Event: 884.522 GC heap after
{Heap after GC invocations=139 (full 0):
 garbage-first heap   total 440320K, used 178587K [0x0000000080000000, 0x0000000100000000)
  region size 1024K, 3 young (3072K), 3 survivors (3072K)
 Metaspace       used 149586K, capacity 153981K, committed 154060K, reserved 1183744K
  class space    used 18656K, capacity 20369K, committed 20428K, reserved 1048576K
}
Event: 888.298 GC heap before
{Heap before GC invocations=139 (full 0):
 garbage-first heap   total 440320K, used 211355K [0x0000000080000000, 0x0000000100000000)
  region size 1024K, 37 young (37888K), 3 survivors (3072K)
 Metaspace       used 149920K, capacity 154463K, committed 154572K, reserved 1183744K
  class space    used 18685K, capacity 20421K, committed 20428K, reserved 1048576K
}
Event: 888.348 GC heap after
{Heap after GC invocations=140 (full 0):
 garbage-first heap   total 440320K, used 182382K [0x0000000080000000, 0x0000000100000000)
  region size 1024K, 6 young (6144K), 6 survivors (6144K)
 Metaspace       used 149920K, capacity 154463K, committed 154572K, reserved 1183744K
  class space    used 18685K, capacity 20421K, committed 20428K, reserved 1048576K
}
Event: 900.461 GC heap before
{Heap before GC invocations=141 (full 0):
 garbage-first heap   total 440320K, used 311406K [0x0000000080000000, 0x0000000100000000)
  region size 1024K, 132 young (135168K), 6 survivors (6144K)
 Metaspace       used 151132K, capacity 155475K, committed 155852K, reserved 1185792K
  class space    used 18670K, capacity 20320K, committed 20428K, reserved 1048576K
}
Event: 900.490 GC heap after
{Heap after GC invocations=142 (full 0):
 garbage-first heap   total 440320K, used 186338K [0x0000000080000000, 0x0000000100000000)
  region size 1024K, 9 young (9216K), 9 survivors (9216K)
 Metaspace       used 151132K, capacity 155475K, committed 155852K, reserved 1185792K
  class space    used 18670K, capacity 20320K, committed 20428K, reserved 1048576K
}
Event: 900.752 GC heap before
{Heap before GC invocations=142 (full 0):
 garbage-first heap   total 440320K, used 197602K [0x0000000080000000, 0x0000000100000000)
  region size 1024K, 21 young (21504K), 9 survivors (9216K)
 Metaspace       used 151170K, capacity 155485K, committed 155852K, reserved 1185792K
  class space    used 18671K, capacity 20322K, committed 20428K, reserved 1048576K
}
Event: 900.854 GC heap after
{Heap after GC invocations=143 (full 0):
 garbage-first heap   total 440320K, used 163177K [0x0000000080000000, 0x0000000100000000)
  region size 1024K, 2 young (2048K), 2 survivors (2048K)
 Metaspace       used 151170K, capacity 155485K, committed 155852K, reserved 1185792K
  class space    used 18671K, capacity 20322K, committed 20428K, reserved 1048576K
}
Event: 905.232 GC heap before
{Heap before GC invocations=143 (full 0):
 garbage-first heap   total 440320K, used 196969K [0x0000000080000000, 0x0000000100000000)
  region size 1024K, 37 young (37888K), 2 survivors (2048K)
 Metaspace       used 151274K, capacity 155601K, committed 155980K, reserved 1185792K
  class space    used 18677K, capacity 20358K, committed 20556K, reserved 1048576K
}
Event: 905.245 GC heap after
{Heap after GC invocations=144 (full 0):
 garbage-first heap   total 440320K, used 163377K [0x0000000080000000, 0x0000000100000000)
  region size 1024K, 3 young (3072K), 3 survivors (3072K)
 Metaspace       used 151274K, capacity 155601K, committed 155980K, reserved 1185792K
  class space    used 18677K, capacity 20358K, committed 20556K, reserved 1048576K
}

